2020-11-21T21:59:14.6508149+05:30 [FTL] (Microsoft.AspNetCore.Hosting.Diagnostics) Application startup exception
System.Exception: Could not resolve a service of type 'Microsoft.Extensions.Caching.Distributed.IDistributedCache' for the parameter 'cache' of method 'Configure' on type 'DotNet5.Startup'.
 ---> System.ArgumentException: ConnectionString cannot be empty or null.
   at Microsoft.Extensions.Caching.SqlServer.SqlServerCache..ctor(IOptions`1 options)
   at System.RuntimeMethodHandle.InvokeMethod(Object target, Object[] arguments, Signature sig, Boolean constructor, Boolean wrapExceptions)
   at System.Reflection.RuntimeConstructorInfo.Invoke(BindingFlags invokeAttr, Binder binder, Object[] parameters, CultureInfo culture)
   at Microsoft.Extensions.DependencyInjection.ServiceLookup.CallSiteRuntimeResolver.VisitConstructor(ConstructorCallSite constructorCallSite, RuntimeResolverContext context)
   at Microsoft.Extensions.DependencyInjection.ServiceLookup.CallSiteVisitor`2.VisitCallSiteMain(ServiceCallSite callSite, TArgument argument)
   at Microsoft.Extensions.DependencyInjection.ServiceLookup.CallSiteRuntimeResolver.VisitCache(ServiceCallSite callSite, RuntimeResolverContext context, ServiceProviderEngineScope serviceProviderEngine, RuntimeResolverLock lockType)
   at Microsoft.Extensions.DependencyInjection.ServiceLookup.CallSiteRuntimeResolver.VisitRootCache(ServiceCallSite singletonCallSite, RuntimeResolverContext context)
   at Microsoft.Extensions.DependencyInjection.ServiceLookup.CallSiteVisitor`2.VisitCallSite(ServiceCallSite callSite, TArgument argument)
   at Microsoft.Extensions.DependencyInjection.ServiceLookup.CallSiteRuntimeResolver.Resolve(ServiceCallSite callSite, ServiceProviderEngineScope scope)
   at Microsoft.Extensions.DependencyInjection.ServiceLookup.DynamicServiceProviderEngine.<>c__DisplayClass1_0.<RealizeService>b__0(ServiceProviderEngineScope scope)
   at Microsoft.Extensions.DependencyInjection.ServiceLookup.ServiceProviderEngine.GetService(Type serviceType, ServiceProviderEngineScope serviceProviderEngineScope)
   at Microsoft.Extensions.DependencyInjection.ServiceLookup.ServiceProviderEngineScope.GetService(Type serviceType)
   at Microsoft.Extensions.DependencyInjection.ServiceProviderServiceExtensions.GetRequiredService(IServiceProvider provider, Type serviceType)
   at Microsoft.AspNetCore.Hosting.ConfigureBuilder.Invoke(Object instance, IApplicationBuilder builder)
   --- End of inner exception stack trace ---
   at Microsoft.AspNetCore.Hosting.ConfigureBuilder.Invoke(Object instance, IApplicationBuilder builder)
   at Microsoft.AspNetCore.Hosting.ConfigureBuilder.<>c__DisplayClass4_0.<Build>b__0(IApplicationBuilder builder)
   at Microsoft.AspNetCore.Hosting.GenericWebHostBuilder.<>c__DisplayClass15_0.<UseStartup>b__1(IApplicationBuilder app)
   at Microsoft.Extensions.DependencyInjection.AutoRegisterMiddleware.<>c__DisplayClass4_0.<Configure>b__0(IApplicationBuilder app)
   at Microsoft.AspNetCore.Mvc.Filters.MiddlewareFilterBuilderStartupFilter.<>c__DisplayClass0_0.<Configure>g__MiddlewareFilterBuilder|0(IApplicationBuilder builder)
   at Microsoft.AspNetCore.Server.IIS.Core.IISServerSetupFilter.<>c__DisplayClass2_0.<Configure>b__0(IApplicationBuilder app)
   at Microsoft.AspNetCore.HostFilteringStartupFilter.<>c__DisplayClass0_0.<Configure>b__0(IApplicationBuilder app)
   at Microsoft.AspNetCore.Hosting.GenericWebHostService.StartAsync(CancellationToken cancellationToken)
2020-11-21T22:01:14.0550173+05:30 [WRN] (DotNet5.Controllers.ValuesController) Writing to log file with WARNING severity level.
2020-11-21T22:01:14.0618764+05:30 [ERR] (DotNet5.Controllers.ValuesController) Writing to log file with ERROR severity level.
2020-11-21T22:01:14.0619305+05:30 [FTL] (DotNet5.Controllers.ValuesController) Writing to log file with CRITICAL severity level.
2020-11-21T22:11:14.5055899+05:30 [WRN] (DotNet5.Controllers.ValuesController) Writing to log file with WARNING severity level.
2020-11-21T22:11:14.5116195+05:30 [ERR] (DotNet5.Controllers.ValuesController) Writing to log file with ERROR severity level.
2020-11-21T22:11:14.5117215+05:30 [FTL] (DotNet5.Controllers.ValuesController) Writing to log file with CRITICAL severity level.
